<?xml version="1.0" encoding="utf-8"?>
<TestRun id="93ac2502-a6e7-4e16-b0df-bc93cdf4e6b9" name="Administrator@AFAAW-801010634 2024-08-25 16:32:23" runUser="AFAAW-801010634\Administrator" xmlns="http://microsoft.com/schemas/VisualStudio/TeamTest/2010">
  <Times creation="2024-08-25T16:32:23.0382665+08:00" queuing="2024-08-25T16:32:23.0382668+08:00" start="2024-08-25T16:32:21.7116318+08:00" finish="2024-08-25T16:32:23.0486155+08:00" />
  <TestSettings name="default" id="256a2ebe-48ce-4c8e-a45c-72e1e8744bd0">
    <Deployment runDeploymentRoot="Administrator_AFAAW-801010634_2024-08-25_16_32_23" />
  </TestSettings>
  <Results>
    <UnitTestResult executionId="1b0245c6-d094-49b2-be2e-7dd94ebab4a5" testId="347b277f-cb4c-07b7-87e9-54d0979e7f07" testName="TestToUrlEncode_DefaultValues" computerName="AFAAW-801010634" duration="00:00:00.0174759" startTime="2024-08-25T16:32:22.8227505+08:00" endTime="2024-08-25T16:32:22.8400818+08:00" testType="13cdc9d9-ddb5-4fa4-a97d-d965ccfc6d4b" outcome="Passed" testListId="8c84fa94-04c1-424b-9868-57a2d4851a1d" relativeResultsDirectory="1b0245c6-d094-49b2-be2e-7dd94ebab4a5" />
    <UnitTestResult executionId="2bd5ce2f-57ae-4e71-a299-acec410bdb8b" testId="ef2cad9d-bb59-feb7-8929-9f684c0c5f3c" testName="TestToUrlEncode_WithCustomValues" computerName="AFAAW-801010634" duration="00:00:00.0035300" startTime="2024-08-25T16:32:22.8426677+08:00" endTime="2024-08-25T16:32:22.8461974+08:00" testType="13cdc9d9-ddb5-4fa4-a97d-d965ccfc6d4b" outcome="Passed" testListId="8c84fa94-04c1-424b-9868-57a2d4851a1d" relativeResultsDirectory="2bd5ce2f-57ae-4e71-a299-acec410bdb8b" />
  </Results>
  <TestDefinitions>
    <UnitTest name="TestToUrlEncode_DefaultValues" storage="c:\0.code\gitcsharp\upinfo78\test\bin\debug\net8.0\test.dll" id="347b277f-cb4c-07b7-87e9-54d0979e7f07">
      <Execution id="1b0245c6-d094-49b2-be2e-7dd94ebab4a5" />
      <TestMethod codeBase="C:\0.code\gitcsharp\UpInfo78\test\bin\Debug\net8.0\Test.dll" adapterTypeName="executor://nunit3testexecutor/" className="Tests.UpInfo78Tests" name="TestToUrlEncode_DefaultValues" />
    </UnitTest>
    <UnitTest name="TestToUrlEncode_WithCustomValues" storage="c:\0.code\gitcsharp\upinfo78\test\bin\debug\net8.0\test.dll" id="ef2cad9d-bb59-feb7-8929-9f684c0c5f3c">
      <Execution id="2bd5ce2f-57ae-4e71-a299-acec410bdb8b" />
      <TestMethod codeBase="C:\0.code\gitcsharp\UpInfo78\test\bin\Debug\net8.0\Test.dll" adapterTypeName="executor://nunit3testexecutor/" className="Tests.UpInfo78Tests" name="TestToUrlEncode_WithCustomValues" />
    </UnitTest>
  </TestDefinitions>
  <TestEntries>
    <TestEntry testId="347b277f-cb4c-07b7-87e9-54d0979e7f07" executionId="1b0245c6-d094-49b2-be2e-7dd94ebab4a5" testListId="8c84fa94-04c1-424b-9868-57a2d4851a1d" />
    <TestEntry testId="ef2cad9d-bb59-feb7-8929-9f684c0c5f3c" executionId="2bd5ce2f-57ae-4e71-a299-acec410bdb8b" testListId="8c84fa94-04c1-424b-9868-57a2d4851a1d" />
  </TestEntries>
  <TestLists>
    <TestList name="列表中未列出的结果" id="8c84fa94-04c1-424b-9868-57a2d4851a1d" />
    <TestList name="所有已加载的结果" id="19431567-8539-422a-85d7-44ee4e166bda" />
  </TestLists>
  <ResultSummary outcome="Completed">
    <Counters total="2" executed="2" passed="2" failed="0" error="0" timeout="0" aborted="0" inconclusive="0" passedButRunAborted="0" notRunnable="0" notExecuted="0" disconnected="0" warning="0" completed="0" inProgress="0" pending="0" />
    <Output>
      <StdOut>NUnit Adapter 3.17.0.0: Test execution started&#xD;
Running all tests in C:\0.code\gitcsharp\UpInfo78\test\bin\Debug\net8.0\Test.dll&#xD;
   NUnit3TestExecutor discovered 2 of 2 NUnit test cases&#xD;
NUnit Adapter 3.17.0.0: Test execution complete&#xD;
</StdOut>
    </Output>
  </ResultSummary>
</TestRun>